<?xml version="1.0" encoding="UTF-8"?>
<testsuite xmlns:xsi="http://www.w3.org/2001/XMLSchema-instance" xsi:noNamespaceSchemaLocation="https://maven.apache.org/surefire/maven-surefire-plugin/xsd/surefire-test-report.xsd" name="com.gregorgk.SignOutTest" time="8.005" tests="2" errors="0" skipped="0" failures="0">
  <properties>
[...]
</properties>
  <testcase name="assertThatSourceDoesNotContainSignedInMessage" classname="com.gregorgk.SignOutTest" time="0.053"/>
  <testcase name="assertThatSourceDoesNotContainTheUsername" classname="com.gregorgk.SignOutTest" time="0.03"/>
</testsuite>